<?xml version="1.0" encoding="UTF-8"?>
<!-- Generated by org.testng.reporters.JUnitReportReporter -->
<testsuite hostname="DESKTOP-3DLKC1S" failures="0" tests="2" name="testNG.logInTest" time="0.010" errors="0" timestamp="2023-08-17T23:20:45 BDT" skipped="0">
  <testcase classname="testNG.logInTest" name="loginTest" time="0.009"/>
  <system-out/>
  <testcase classname="testNG.logInTest" name="logoutTest" time="0.001"/>
  <system-out/>
</testsuite> <!-- testNG.logInTest -->
